<?xml version="1.0" encoding="UTF-8"?>
<Site BuildName="Linux-g++"
	BuildStamp="20240123-0153-Experimental"
	Name="kane"
	Generator="ctest-3.22.1"
	CompilerName="/usr/bin/g++"
	CompilerVersion="11.4.0"
	OSName="Linux"
	Hostname="kane"
	OSRelease="6.5.0-14-generic"
	OSVersion="#14~22.04.1-Ubuntu SMP PREEMPT_DYNAMIC Mon Nov 20 18:15:30 UTC 2"
	OSPlatform="x86_64"
	Is64Bits="1"
	VendorString="GenuineIntel"
	VendorID="Intel Corporation"
	FamilyID="6"
	ModelID="142"
	ProcessorCacheSize="8192"
	NumberOfLogicalCPU="8"
	NumberOfPhysicalCPU="4"
	TotalVirtualMemory="2047"
	TotalPhysicalMemory="15644"
	LogicalProcessorsPerPhysical="2"
	ProcessorClockFrequency="3300.08"
	>
	<Testing>
		<StartDateTime>Jan 23 19:59 +07</StartDateTime>
		<StartTestTime>1706014794</StartTestTime>
		<TestList/>
		<EndDateTime>Jan 23 19:59 +07</EndDateTime>
		<EndTestTime>1706014794</EndTestTime>
		<ElapsedMinutes>0</ElapsedMinutes>
	</Testing>
</Site>
